<?xml version="1.0" encoding="UTF-8"?>
<!-- Generated by org.testng.reporters.JUnitXMLReporter -->
<testsuite hostname="DESKTOP-C89ERP2" name="Test(failed)" tests="2" failures="2" timestamp="22 Jul 2020 06:28:03 GMT" time="42.413" errors="0">
  <testcase name="elementToClick" time="15.098" classname="failRun.HandleEnableElement">
    <failure type="java.lang.AssertionError" message="expected [456] but found [123]">
      <![CDATA[java.lang.AssertionError: expected [456] but found [123]
	at failRun.HandleEnableElement.elementToClick(HandleEnableElement.java:35)
	at failRun.Runner.main(Runner.java:18)
... Removed 28 stack frames]]>
    </failure>
  </testcase> <!-- elementToClick -->
  <testcase name="openFB" time="21.505" classname="failRun.TestFB">
    <failure type="junit.framework.AssertionFailedError">
      <![CDATA[junit.framework.AssertionFailedError
	at junit.framework.Assert.fail(Assert.java:55)
	at junit.framework.Assert.assertTrue(Assert.java:22)
	at junit.framework.Assert.assertTrue(Assert.java:31)
	at failRun.TestFB.openFB(TestFB.java:30)
	at failRun.Runner.main(Runner.java:18)
... Removed 22 stack frames]]>
    </failure>
  </testcase> <!-- openFB -->
</testsuite> <!-- Test(failed) -->
